This is XeTeX, Version 3.141592653-2.6-0.999993 (TeX Live 2022/dev/Debian) (preloaded format=xelatex 2023.6.3)  15 MAR 2024 17:13
entering extended mode
 restricted \write18 enabled.
 %&-line parsing enabled.
**thesis.tex
(./thesis.tex
LaTeX2e <2021-11-15> patch level 1
L3 programming layer <2022-01-21> (/usr/share/texlive/texmf-dist/tex/latex/base
/book.cls
Document Class: book 2021/10/04 v1.4n Standard LaTeX document class
(/usr/share/texlive/texmf-dist/tex/latex/base/bk10.clo
File: bk10.clo 2021/10/04 v1.4n Standard LaTeX file (size option)
)
\c@part=\count181
\c@chapter=\count182
\c@section=\count183
\c@subsection=\count184
\c@subsubsection=\count185
\c@paragraph=\count186
\c@subparagraph=\count187
\c@figure=\count188
\c@table=\count189
\abovecaptionskip=\skip47
\belowcaptionskip=\skip48
\bibindent=\dimen138
) (/usr/share/texmf/tex/latex/lm/lmodern.sty
Package: lmodern 2009/10/30 v1.6 Latin Modern Fonts
LaTeX Font Info:    Overwriting symbol font `operators' in version `normal'
(Font)                  OT1/cmr/m/n --> OT1/lmr/m/n on input line 22.
LaTeX Font Info:    Overwriting symbol font `letters' in version `normal'
(Font)                  OML/cmm/m/it --> OML/lmm/m/it on input line 23.
LaTeX Font Info:    Overwriting symbol font `symbols' in version `normal'
(Font)                  OMS/cmsy/m/n --> OMS/lmsy/m/n on input line 24.
LaTeX Font Info:    Overwriting symbol font `largesymbols' in version `normal'
(Font)                  OMX/cmex/m/n --> OMX/lmex/m/n on input line 25.
LaTeX Font Info:    Overwriting symbol font `operators' in version `bold'
(Font)                  OT1/cmr/bx/n --> OT1/lmr/bx/n on input line 26.
LaTeX Font Info:    Overwriting symbol font `letters' in version `bold'
(Font)                  OML/cmm/b/it --> OML/lmm/b/it on input line 27.
LaTeX Font Info:    Overwriting symbol font `symbols' in version `bold'
(Font)                  OMS/cmsy/b/n --> OMS/lmsy/b/n on input line 28.
LaTeX Font Info:    Overwriting symbol font `largesymbols' in version `bold'
(Font)                  OMX/cmex/m/n --> OMX/lmex/m/n on input line 29.
LaTeX Font Info:    Overwriting math alphabet `\mathbf' in version `normal'
(Font)                  OT1/cmr/bx/n --> OT1/lmr/bx/n on input line 31.
LaTeX Font Info:    Overwriting math alphabet `\mathsf' in version `normal'
(Font)                  OT1/cmss/m/n --> OT1/lmss/m/n on input line 32.
LaTeX Font Info:    Overwriting math alphabet `\mathit' in version `normal'
(Font)                  OT1/cmr/m/it --> OT1/lmr/m/it on input line 33.
LaTeX Font Info:    Overwriting math alphabet `\mathtt' in version `normal'
(Font)                  OT1/cmtt/m/n --> OT1/lmtt/m/n on input line 34.
LaTeX Font Info:    Overwriting math alphabet `\mathbf' in version `bold'
(Font)                  OT1/cmr/bx/n --> OT1/lmr/bx/n on input line 35.
LaTeX Font Info:    Overwriting math alphabet `\mathsf' in version `bold'
(Font)                  OT1/cmss/bx/n --> OT1/lmss/bx/n on input line 36.
LaTeX Font Info:    Overwriting math alphabet `\mathit' in version `bold'
(Font)                  OT1/cmr/bx/it --> OT1/lmr/bx/it on input line 37.
LaTeX Font Info:    Overwriting math alphabet `\mathtt' in version `bold'
(Font)                  OT1/cmtt/m/n --> OT1/lmtt/m/n on input line 38.
) (/usr/share/texlive/texmf-dist/tex/latex/amsfonts/amssymb.sty
Package: amssymb 2013/01/14 v3.01 AMS font symbols
(/usr/share/texlive/texmf-dist/tex/latex/amsfonts/amsfonts.sty
Package: amsfonts 2013/01/14 v3.01 Basic AMSFonts support
\@emptytoks=\toks16
\symAMSa=\mathgroup4
\symAMSb=\mathgroup5
LaTeX Font Info:    Redeclaring math symbol \hbar on input line 98.
LaTeX Font Info:    Overwriting math alphabet `\mathfrak' in version `bold'
(Font)                  U/euf/m/n --> U/euf/b/n on input line 106.
)) (/usr/share/texlive/texmf-dist/tex/latex/amsmath/amsmath.sty
Package: amsmath 2021/10/15 v2.17l AMS math features
\@mathmargin=\skip49
For additional information on amsmath, use the `?' option.
(/usr/share/texlive/texmf-dist/tex/latex/amsmath/amstext.sty
Package: amstext 2021/08/26 v2.01 AMS text
(/usr/share/texlive/texmf-dist/tex/latex/amsmath/amsgen.sty
File: amsgen.sty 1999/11/30 v2.0 generic functions
\@emptytoks=\toks17
\ex@=\dimen139
)) (/usr/share/texlive/texmf-dist/tex/latex/amsmath/amsbsy.sty
Package: amsbsy 1999/11/29 v1.2d Bold Symbols
\pmbraise@=\dimen140
) (/usr/share/texlive/texmf-dist/tex/latex/amsmath/amsopn.sty
Package: amsopn 2021/08/26 v2.02 operator names
)
\inf@bad=\count190
LaTeX Info: Redefining \frac on input line 234.
\uproot@=\count191
\leftroot@=\count192
LaTeX Info: Redefining \overline on input line 399.
\classnum@=\count193
\DOTSCASE@=\count194
LaTeX Info: Redefining \ldots on input line 496.
LaTeX Info: Redefining \dots on input line 499.
LaTeX Info: Redefining \cdots on input line 620.
\Mathstrutbox@=\box50
\strutbox@=\box51
\big@size=\dimen141
LaTeX Font Info:    Redeclaring font encoding OML on input line 743.
LaTeX Font Info:    Redeclaring font encoding OMS on input line 744.
\macc@depth=\count195
\c@MaxMatrixCols=\count196
\dotsspace@=\muskip16
\c@parentequation=\count197
\dspbrk@lvl=\count198
\tag@help=\toks18
\row@=\count199
\column@=\count266
\maxfields@=\count267
\andhelp@=\toks19
\eqnshift@=\dimen142
\alignsep@=\dimen143
\tagshift@=\dimen144
\tagwidth@=\dimen145
\totwidth@=\dimen146
\lineht@=\dimen147
\@envbody=\toks20
\multlinegap=\skip50
\multlinetaggap=\skip51
\mathdisplay@stack=\toks21
LaTeX Info: Redefining \[ on input line 2938.
LaTeX Info: Redefining \] on input line 2939.
) (/usr/share/texlive/texmf-dist/tex/generic/iftex/ifxetex.sty
Package: ifxetex 2019/10/25 v0.7 ifxetex legacy package. Use iftex instead.
(/usr/share/texlive/texmf-dist/tex/generic/iftex/iftex.sty
Package: iftex 2020/03/06 v1.0d TeX engine tests
)) (/usr/share/texlive/texmf-dist/tex/generic/iftex/ifluatex.sty
Package: ifluatex 2019/10/25 v1.5 ifluatex legacy package. Use iftex instead.
) (/usr/share/texlive/texmf-dist/tex/latex/unicode-math/unicode-math.sty (/usr/
share/texlive/texmf-dist/tex/latex/l3kernel/expl3.sty
Package: expl3 2022-01-21 L3 programming layer (loader) 
(/usr/share/texlive/texmf-dist/tex/latex/l3backend/l3backend-xetex.def
File: l3backend-xetex.def 2022-01-12 L3 backend support: XeTeX
(|extractbb --version)
\c__kernel_sys_dvipdfmx_version_int=\count268
\l__color_backend_stack_int=\count269
\g__color_backend_stack_int=\count270
\g__graphics_track_int=\count271
\l__pdf_internal_box=\box52
\g__pdf_backend_object_int=\count272
\g__pdf_backend_annotation_int=\count273
\g__pdf_backend_link_int=\count274
))
Package: unicode-math 2020/01/31 v0.8q Unicode maths in XeLaTeX and LuaLaTeX
(/usr/share/texlive/texmf-dist/tex/latex/unicode-math/unicode-math-xetex.sty
Package: unicode-math-xetex 2020/01/31 v0.8q Unicode maths in XeLaTeX and LuaLa
TeX
(/usr/share/texlive/texmf-dist/tex/latex/l3packages/xparse/xparse.sty
Package: xparse 2022-01-12 L3 Experimental document command parser
) (/usr/share/texlive/texmf-dist/tex/latex/l3packages/l3keys2e/l3keys2e.sty
Package: l3keys2e 2022-01-12 LaTeX2e option processing using LaTeX3 keys
) (/usr/share/texlive/texmf-dist/tex/latex/fontspec/fontspec.sty
Package: fontspec 2022/01/15 v2.8a Font selection for XeLaTeX and LuaLaTeX
(/usr/share/texlive/texmf-dist/tex/latex/fontspec/fontspec-xetex.sty
Package: fontspec-xetex 2022/01/15 v2.8a Font selection for XeLaTeX and LuaLaTe
X
\l__fontspec_script_int=\count275
\l__fontspec_language_int=\count276
\l__fontspec_strnum_int=\count277
\l__fontspec_tmp_int=\count278
\l__fontspec_tmpa_int=\count279
\l__fontspec_tmpb_int=\count280
\l__fontspec_tmpc_int=\count281
\l__fontspec_em_int=\count282
\l__fontspec_emdef_int=\count283
\l__fontspec_strong_int=\count284
\l__fontspec_strongdef_int=\count285
\l__fontspec_tmpa_dim=\dimen148
\l__fontspec_tmpb_dim=\dimen149
\l__fontspec_tmpc_dim=\dimen150
(/usr/share/texlive/texmf-dist/tex/latex/base/fontenc.sty
Package: fontenc 2021/04/29 v2.0v Standard LaTeX package
) (/usr/share/texlive/texmf-dist/tex/latex/fontspec/fontspec.cfg))) (/usr/share
/texlive/texmf-dist/tex/latex/base/fix-cm.sty
Package: fix-cm 2020/11/24 v1.1t fixes to LaTeX
(/usr/share/texlive/texmf-dist/tex/latex/base/ts1enc.def
File: ts1enc.def 2001/06/05 v3.0e (jk/car/fm) Standard LaTeX file
LaTeX Font Info:    Redeclaring font encoding TS1 on input line 47.
))
\g__um_fam_int=\count286
\g__um_fonts_used_int=\count287
\l__um_primecount_int=\count288
\g__um_primekern_muskip=\muskip17
(/usr/share/texlive/texmf-dist/tex/latex/unicode-math/unicode-math-table.tex)))
(/usr/share/texlive/texmf-dist/tex/latex/upquote/upquote.sty
Package: upquote 2012/04/19 v1.3 upright-quote and grave-accent glyphs in verba
tim
(/usr/share/texlive/texmf-dist/tex/latex/base/textcomp.sty
Package: textcomp 2020/02/02 v2.0n Standard LaTeX package
)) (/usr/share/texlive/texmf-dist/tex/latex/microtype/microtype.sty
Package: microtype 2021/12/10 v3.0b Micro-typographical refinements (RS)
(/usr/share/texlive/texmf-dist/tex/latex/graphics/keyval.sty
Package: keyval 2014/10/28 v1.15 key=value parser (DPC)
\KV@toks@=\toks22
) (/usr/share/texlive/texmf-dist/tex/latex/etoolbox/etoolbox.sty
Package: etoolbox 2020/10/05 v2.5k e-TeX tools for LaTeX (JAW)
\etb@tempcnta=\count289
)
\MT@toks=\toks23
\MT@count=\count290
\MT@tempbox=\box53
LaTeX Info: Redefining \leftprotrusion on input line 1010.
LaTeX Info: Redefining \rightprotrusion on input line 1018.
LaTeX Info: Redefining \textls on input line 1173.
\MT@outer@kern=\dimen151
LaTeX Info: Redefining \textmicrotypecontext on input line 1759.
\MT@listname@count=\count291
(/usr/share/texlive/texmf-dist/tex/latex/microtype/microtype-xetex.def
File: microtype-xetex.def 2021/12/10 v3.0b Definitions specific to xetex (RS)
LaTeX Info: Redefining \lsstyle on input line 234.
)
Package microtype Info: Loading configuration file microtype.cfg.
(/usr/share/texlive/texmf-dist/tex/latex/microtype/microtype.cfg
File: microtype.cfg 2021/12/10 v3.0b microtype main configuration file (RS)
)) (/usr/share/texlive/texmf-dist/tex/latex/parskip/parskip.sty
Package: parskip 2021-03-14 v2.0h non-zero parskip adjustments
(/usr/share/texlive/texmf-dist/tex/latex/kvoptions/kvoptions.sty
Package: kvoptions 2020-10-07 v3.14 Key value format for package options (HO)
(/usr/share/texlive/texmf-dist/tex/generic/ltxcmds/ltxcmds.sty
Package: ltxcmds 2020-05-10 v1.25 LaTeX kernel commands for general use (HO)
) (/usr/share/texlive/texmf-dist/tex/generic/kvsetkeys/kvsetkeys.sty
Package: kvsetkeys 2019/12/15 v1.18 Key value parser (HO)
))) (/usr/share/texlive/texmf-dist/tex/latex/xcolor/xcolor.sty
Package: xcolor 2021/10/31 v2.13 LaTeX color extensions (UK)
(/usr/share/texlive/texmf-dist/tex/latex/graphics-cfg/color.cfg
File: color.cfg 2016/01/02 v1.6 sample color configuration
)
Package xcolor Info: Driver file: xetex.def on input line 227.
(/usr/share/texlive/texmf-dist/tex/latex/graphics-def/xetex.def
File: xetex.def 2021/03/18 v5.0k Graphics/color driver for xetex
)
Package xcolor Info: Model `cmy' substituted by `cmy0' on input line 1352.
Package xcolor Info: Model `RGB' extended on input line 1368.
Package xcolor Info: Model `HTML' substituted by `rgb' on input line 1370.
Package xcolor Info: Model `Hsb' substituted by `hsb' on input line 1371.
Package xcolor Info: Model `tHsb' substituted by `hsb' on input line 1372.
Package xcolor Info: Model `HSB' substituted by `hsb' on input line 1373.
Package xcolor Info: Model `Gray' substituted by `gray' on input line 1374.
Package xcolor Info: Model `wave' substituted by `hsb' on input line 1375.
) (/usr/share/texlive/texmf-dist/tex/latex/xurl/xurl.sty
Package: xurl 2022/01/09 v 0.10 modify URL breaks
(/usr/share/texlive/texmf-dist/tex/latex/url/url.sty
\Urlmuskip=\muskip18
Package: url 2013/09/16  ver 3.4  Verb mode for urls, etc.
)) (/usr/share/texlive/texmf-dist/tex/latex/bookmark/bookmark.sty
Package: bookmark 2020-11-06 v1.29 PDF bookmarks (HO)
(/usr/share/texlive/texmf-dist/tex/latex/hyperref/hyperref.sty
Package: hyperref 2021-06-07 v7.00m Hypertext links for LaTeX
(/usr/share/texlive/texmf-dist/tex/generic/pdftexcmds/pdftexcmds.sty
Package: pdftexcmds 2020-06-27 v0.33 Utility functions of pdfTeX for LuaTeX (HO
)
(/usr/share/texlive/texmf-dist/tex/generic/infwarerr/infwarerr.sty
Package: infwarerr 2019/12/03 v1.5 Providing info/warning/error messages (HO)
)
Package pdftexcmds Info: \pdf@primitive is available.
Package pdftexcmds Info: \pdf@ifprimitive is available.
Package pdftexcmds Info: \pdfdraftmode not found.
) (/usr/share/texlive/texmf-dist/tex/generic/kvdefinekeys/kvdefinekeys.sty
Package: kvdefinekeys 2019-12-19 v1.6 Define keys (HO)
) (/usr/share/texlive/texmf-dist/tex/generic/pdfescape/pdfescape.sty
Package: pdfescape 2019/12/09 v1.15 Implements pdfTeX's escape features (HO)
) (/usr/share/texlive/texmf-dist/tex/latex/hycolor/hycolor.sty
Package: hycolor 2020-01-27 v1.10 Color options for hyperref/bookmark (HO)
) (/usr/share/texlive/texmf-dist/tex/latex/letltxmacro/letltxmacro.sty
Package: letltxmacro 2019/12/03 v1.6 Let assignment for LaTeX macros (HO)
) (/usr/share/texlive/texmf-dist/tex/latex/auxhook/auxhook.sty
Package: auxhook 2019-12-17 v1.6 Hooks for auxiliary files (HO)
)
\@linkdim=\dimen152
\Hy@linkcounter=\count292
\Hy@pagecounter=\count293
(/usr/share/texlive/texmf-dist/tex/latex/hyperref/pd1enc.def
File: pd1enc.def 2021-06-07 v7.00m Hyperref: PDFDocEncoding definition (HO)
) (/usr/share/texlive/texmf-dist/tex/latex/hyperref/hyperref-langpatches.def
File: hyperref-langpatches.def 2021-06-07 v7.00m Hyperref: patches for babel la
nguages
) (/usr/share/texlive/texmf-dist/tex/generic/intcalc/intcalc.sty
Package: intcalc 2019/12/15 v1.3 Expandable calculations with integers (HO)
) (/usr/share/texlive/texmf-dist/tex/generic/etexcmds/etexcmds.sty
Package: etexcmds 2019/12/15 v1.7 Avoid name clashes with e-TeX commands (HO)
)
\Hy@SavedSpaceFactor=\count294
(/usr/share/texlive/texmf-dist/tex/latex/hyperref/puenc.def
File: puenc.def 2021-06-07 v7.00m Hyperref: PDF Unicode definition (HO)
)
Package hyperref Info: Option `unicode' set `true' on input line 4073.
Package hyperref Info: Hyper figures OFF on input line 4192.
Package hyperref Info: Link nesting OFF on input line 4197.
Package hyperref Info: Hyper index ON on input line 4200.
Package hyperref Info: Plain pages OFF on input line 4207.
Package hyperref Info: Backreferencing OFF on input line 4212.
Package hyperref Info: Implicit mode ON; LaTeX internals redefined.
Package hyperref Info: Bookmarks ON on input line 4445.
\c@Hy@tempcnt=\count295
LaTeX Info: Redefining \url on input line 4804.
\XeTeXLinkMargin=\dimen153
(/usr/share/texlive/texmf-dist/tex/generic/bitset/bitset.sty
Package: bitset 2019/12/09 v1.3 Handle bit-vector datatype (HO)
(/usr/share/texlive/texmf-dist/tex/generic/bigintcalc/bigintcalc.sty
Package: bigintcalc 2019/12/15 v1.5 Expandable calculations on big integers (HO
)
))
\Fld@menulength=\count296
\Field@Width=\dimen154
\Fld@charsize=\dimen155
Package hyperref Info: Hyper figures OFF on input line 6076.
Package hyperref Info: Link nesting OFF on input line 6081.
Package hyperref Info: Hyper index ON on input line 6084.
Package hyperref Info: backreferencing OFF on input line 6091.
Package hyperref Info: Link coloring OFF on input line 6096.
Package hyperref Info: Link coloring with OCG OFF on input line 6101.
Package hyperref Info: PDF/A mode OFF on input line 6106.
LaTeX Info: Redefining \ref on input line 6146.
LaTeX Info: Redefining \pageref on input line 6150.
(/usr/share/texlive/texmf-dist/tex/latex/base/atbegshi-ltx.sty
Package: atbegshi-ltx 2021/01/10 v1.0c Emulation of the original atbegshi
package with kernel methods
)
\Hy@abspage=\count297
\c@Item=\count298
\c@Hfootnote=\count299
)
Package hyperref Info: Driver (autodetected): hxetex.
(/usr/share/texlive/texmf-dist/tex/latex/hyperref/hxetex.def
File: hxetex.def 2021-06-07 v7.00m Hyperref driver for XeTeX
(/usr/share/texlive/texmf-dist/tex/generic/stringenc/stringenc.sty
Package: stringenc 2019/11/29 v1.12 Convert strings between diff. encodings (HO
)
)
\pdfm@box=\box54
\c@Hy@AnnotLevel=\count300
\HyField@AnnotCount=\count301
\Fld@listcount=\count302
\c@bookmark@seq@number=\count303
(/usr/share/texlive/texmf-dist/tex/latex/rerunfilecheck/rerunfilecheck.sty
Package: rerunfilecheck 2019/12/05 v1.9 Rerun checks for auxiliary files (HO)
(/usr/share/texlive/texmf-dist/tex/latex/base/atveryend-ltx.sty
Package: atveryend-ltx 2020/08/19 v1.0a Emulation of the original atveryend pac
kage
with kernel methods
) (/usr/share/texlive/texmf-dist/tex/generic/uniquecounter/uniquecounter.sty
Package: uniquecounter 2019/12/15 v1.4 Provide unlimited unique counter (HO)
)
Package uniquecounter Info: New unique counter `rerunfilecheck' on input line 2
86.
)
\Hy@SectionHShift=\skip52
) (/usr/share/texlive/texmf-dist/tex/latex/bookmark/bkm-dvipdfm.def
File: bkm-dvipdfm.def 2020-11-06 v1.29 bookmark driver for dvipdfm (HO)
\BKM@id=\count304
)) (/usr/share/texlive/texmf-dist/tex/latex/tools/longtable.sty
Package: longtable 2021-09-01 v4.17 Multi-page Table package (DPC)
\LTleft=\skip53
\LTright=\skip54
\LTpre=\skip55
\LTpost=\skip56
\LTchunksize=\count305
\LTcapwidth=\dimen156
\LT@head=\box55
\LT@firsthead=\box56
\LT@foot=\box57
\LT@lastfoot=\box58
\LT@gbox=\box59
\LT@cols=\count306
\LT@rows=\count307
\c@LT@tables=\count308
\c@LT@chunks=\count309
\LT@p@ftn=\toks24
) (/usr/share/texlive/texmf-dist/tex/latex/booktabs/booktabs.sty
Package: booktabs 2020/01/12 v1.61803398 Publication quality tables
\heavyrulewidth=\dimen157
\lightrulewidth=\dimen158
\cmidrulewidth=\dimen159
\belowrulesep=\dimen160
\belowbottomsep=\dimen161
\aboverulesep=\dimen162
\abovetopsep=\dimen163
\cmidrulesep=\dimen164
\cmidrulekern=\dimen165
\defaultaddspace=\dimen166
\@cmidla=\count310
\@cmidlb=\count311
\@aboverulesep=\dimen167
\@belowrulesep=\dimen168
\@thisruleclass=\count312
\@lastruleclass=\count313
\@thisrulewidth=\dimen169
) (/usr/share/texlive/texmf-dist/tex/latex/footnotehyper/footnotehyper.sty
Package: footnotehyper 2021/08/13 v1.1e hyperref aware footnote.sty (JFB)
\FNH@notes=\box60
\FNH@width=\dimen170
\FNH@toks=\toks25
) (/usr/share/texlive/texmf-dist/tex/latex/graphics/graphicx.sty
Package: graphicx 2021/09/16 v1.2d Enhanced LaTeX Graphics (DPC,SPQR)
(/usr/share/texlive/texmf-dist/tex/latex/graphics/graphics.sty
Package: graphics 2021/03/04 v1.4d Standard LaTeX Graphics (DPC,SPQR)
(/usr/share/texlive/texmf-dist/tex/latex/graphics/trig.sty
Package: trig 2021/08/11 v1.11 sin cos tan (DPC)
) (/usr/share/texlive/texmf-dist/tex/latex/graphics-cfg/graphics.cfg
File: graphics.cfg 2016/06/04 v1.11 sample graphics configuration
)
Package graphics Info: Driver file: xetex.def on input line 107.
)
\Gin@req@height=\dimen171
\Gin@req@width=\dimen172
) (/usr/share/texlive/texmf-dist/tex/latex/amscls/amsthm.sty
Package: amsthm 2020/05/29 v2.20.6
\thm@style=\toks26
\thm@bodyfont=\toks27
\thm@headfont=\toks28
\thm@notefont=\toks29
\thm@headpunct=\toks30
\thm@preskip=\skip57
\thm@postskip=\skip58
\thm@headsep=\skip59
\dth@everypar=\toks31
) (/usr/share/texlive/texmf-dist/tex/latex/natbib/natbib.sty
Package: natbib 2010/09/13 8.31b (PWD, AO)
\bibhang=\skip60
\bibsep=\skip61
LaTeX Info: Redefining \cite on input line 694.
\c@NAT@ctr=\count314
)
\c@theorem=\count315
\c@lemma=\count316
\c@corollary=\count317
\c@proposition=\count318
\c@conjecture=\count319
\c@definition=\count320
\c@example=\count321
\c@exercise=\count322
\c@hypothesis=\count323
(./thesis.aux)
\openout1 = `thesis.aux'.

LaTeX Font Info:    Checking defaults for OML/cmm/m/it on input line 103.
LaTeX Font Info:    ... okay on input line 103.
LaTeX Font Info:    Checking defaults for OMS/cmsy/m/n on input line 103.
LaTeX Font Info:    ... okay on input line 103.
LaTeX Font Info:    Checking defaults for OT1/cmr/m/n on input line 103.
LaTeX Font Info:    ... okay on input line 103.
LaTeX Font Info:    Checking defaults for T1/cmr/m/n on input line 103.
LaTeX Font Info:    ... okay on input line 103.
LaTeX Font Info:    Checking defaults for TS1/cmr/m/n on input line 103.
LaTeX Font Info:    ... okay on input line 103.
LaTeX Font Info:    Checking defaults for TU/lmr/m/n on input line 103.
LaTeX Font Info:    ... okay on input line 103.
LaTeX Font Info:    Checking defaults for OMX/cmex/m/n on input line 103.
LaTeX Font Info:    ... okay on input line 103.
LaTeX Font Info:    Checking defaults for U/cmr/m/n on input line 103.
LaTeX Font Info:    ... okay on input line 103.
LaTeX Font Info:    Checking defaults for PD1/pdf/m/n on input line 103.
LaTeX Font Info:    ... okay on input line 103.
LaTeX Font Info:    Checking defaults for PU/pdf/m/n on input line 103.
LaTeX Font Info:    ... okay on input line 103.
LaTeX Font Info:    Overwriting math alphabet `\mathrm' in version `normal'
(Font)                  OT1/lmr/m/n --> TU/lmr/m/n on input line 103.
LaTeX Font Info:    Overwriting math alphabet `\mathit' in version `normal'
(Font)                  OT1/lmr/m/it --> TU/lmr/m/it on input line 103.
LaTeX Font Info:    Overwriting math alphabet `\mathbf' in version `normal'
(Font)                  OT1/lmr/bx/n --> TU/lmr/bx/n on input line 103.
LaTeX Font Info:    Overwriting math alphabet `\mathsf' in version `normal'
(Font)                  OT1/lmss/m/n --> TU/lmss/m/n on input line 103.
LaTeX Font Info:    Overwriting math alphabet `\mathsf' in version `bold'
(Font)                  OT1/lmss/bx/n --> TU/lmss/bx/n on input line 103.
LaTeX Font Info:    Overwriting math alphabet `\mathtt' in version `normal'
(Font)                  OT1/lmtt/m/n --> TU/lmtt/m/n on input line 103.
LaTeX Font Info:    Overwriting math alphabet `\mathtt' in version `bold'
(Font)                  OT1/lmtt/m/n --> TU/lmtt/bx/n on input line 103.

Package fontspec Info: latinmodern-math scale = 0.9999964596882403.


Package fontspec Info: latinmodern-math scale = 0.9999964596882403.


Package fontspec Info: latinmodern-math scale = 0.9999964596882403.


Package fontspec Info: Font family 'latinmodern-math.otf(0)' created for font
(fontspec)             'latinmodern-math.otf' with options
(fontspec)             [Scale=MatchLowercase,BoldItalicFont={},ItalicFont={},Sm
allCapsFont={},Script=Math,BoldFont={latinmodern-math.otf}].
(fontspec)              
(fontspec)              This font family consists of the following NFSS
(fontspec)             series/shapes:
(fontspec)              
(fontspec)             - 'normal' (m/n) with NFSS spec.:
(fontspec)             <->s*[0.9999964596882403]"[latinmodern-math.otf]/OT:scri
pt=math;language=dflt;"
(fontspec)             - 'small caps'  (m/sc) with NFSS spec.: 
(fontspec)             - 'bold' (b/n) with NFSS spec.:
(fontspec)             <->s*[0.9999964596882403]"[latinmodern-math.otf]/OT:scri
pt=math;language=dflt;"
(fontspec)             - 'bold small caps'  (b/sc) with NFSS spec.: 

LaTeX Font Info:    Font shape `TU/latinmodern-math.otf(0)/m/n' will be
(Font)              scaled to size 10.0pt on input line 103.

Package fontspec Info: latinmodern-math scale = 0.9999964596882403.


Package fontspec Info: latinmodern-math scale = 0.9999964596882403.


Package fontspec Info: latinmodern-math scale = 0.9999964596882403.


Package fontspec Info: latinmodern-math scale = 0.9999964596882403.


Package fontspec Info: latinmodern-math scale = 0.9999964596882403.


Package fontspec Info: Font family 'latinmodern-math.otf(1)' created for font
(fontspec)             'latinmodern-math.otf' with options
(fontspec)             [Scale=MatchLowercase,BoldItalicFont={},ItalicFont={},Sm
allCapsFont={},Script=Math,SizeFeatures={{Size=8.5-},{Size=6-8.5,Font=latinmode
rn-math.otf,Style=MathScript},{Size=-6,Font=latinmodern-math.otf,Style=MathScri
ptScript}},BoldFont={latinmodern-math.otf}].
(fontspec)              
(fontspec)              This font family consists of the following NFSS
(fontspec)             series/shapes:
(fontspec)              
(fontspec)             - 'normal' (m/n) with NFSS spec.:
(fontspec)             <8.5->s*[0.9999964596882403]"[latinmodern-math.otf]/OT:s
cript=math;language=dflt;"<6-8.5>s*[0.9999964596882403]"[latinmodern-math.otf]/
OT:script=math;language=dflt;+ssty=0;"<-6>s*[0.9999964596882403]"[latinmodern-m
ath.otf]/OT:script=math;language=dflt;+ssty=1;"
(fontspec)             - 'small caps'  (m/sc) with NFSS spec.: 
(fontspec)             - 'bold' (b/n) with NFSS spec.:
(fontspec)             <->s*[0.9999964596882403]"[latinmodern-math.otf]/OT:scri
pt=math;language=dflt;"
(fontspec)             - 'bold small caps'  (b/sc) with NFSS spec.: 

LaTeX Font Info:    Font shape `TU/latinmodern-math.otf(1)/m/n' will be
(Font)              scaled to size 10.0pt on input line 103.
LaTeX Font Info:    Encoding `OT1' has changed to `TU' for symbol font
(Font)              `operators' in the math version `normal' on input line 103.

LaTeX Font Info:    Overwriting symbol font `operators' in version `normal'
(Font)                  OT1/lmr/m/n --> TU/latinmodern-math.otf(1)/m/n on input
 line 103.
LaTeX Font Info:    Encoding `OT1' has changed to `TU' for symbol font
(Font)              `operators' in the math version `bold' on input line 103.
LaTeX Font Info:    Overwriting symbol font `operators' in version `bold'
(Font)                  OT1/lmr/bx/n --> TU/latinmodern-math.otf(1)/b/n on inpu
t line 103.

Package fontspec Info: latinmodern-math scale = 0.9999964596882403.


Package fontspec Info: latinmodern-math scale = 1.000096459334209.


Package fontspec Info: latinmodern-math scale = 0.9999964596882403.


Package fontspec Info: latinmodern-math scale = 1.000096459334209.


Package fontspec Info: latinmodern-math scale = 0.9999964596882403.


Package fontspec Info: latinmodern-math scale = 1.000096459334209.


Package fontspec Info: latinmodern-math scale = 0.9999964596882403.


Package fontspec Info: latinmodern-math scale = 1.000096459334209.


Package fontspec Info: latinmodern-math scale = 0.9999964596882403.


Package fontspec Info: latinmodern-math scale = 1.000096459334209.


Package fontspec Info: Font family 'latinmodern-math.otf(2)' created for font
(fontspec)             'latinmodern-math.otf' with options
(fontspec)             [Scale=MatchLowercase,BoldItalicFont={},ItalicFont={},Sm
allCapsFont={},Script=Math,SizeFeatures={{Size=8.5-},{Size=6-8.5,Font=latinmode
rn-math.otf,Style=MathScript},{Size=-6,Font=latinmodern-math.otf,Style=MathScri
ptScript}},BoldFont={latinmodern-math.otf},ScaleAgain=1.0001,FontAdjustment={\f
ontdimen
(fontspec)             8\font =6.77pt\relax \fontdimen 9\font =3.94pt\relax
(fontspec)             \fontdimen 10\font =4.44pt\relax \fontdimen 11\font
(fontspec)             =6.86pt\relax \fontdimen 12\font =3.45pt\relax
(fontspec)             \fontdimen 13\font =3.63pt\relax \fontdimen 14\font
(fontspec)             =3.63pt\relax \fontdimen 15\font =2.89pt\relax
(fontspec)             \fontdimen 16\font =2.47pt\relax \fontdimen 17\font
(fontspec)             =2.47pt\relax \fontdimen 18\font =2.5pt\relax
(fontspec)             \fontdimen 19\font =2.0pt\relax \fontdimen 22\font
(fontspec)             =2.5pt\relax \fontdimen 20\font =0pt\relax \fontdimen
(fontspec)             21\font =0pt\relax }].
(fontspec)              
(fontspec)              This font family consists of the following NFSS
(fontspec)             series/shapes:
(fontspec)              
(fontspec)             - 'normal' (m/n) with NFSS spec.:
(fontspec)             <8.5->s*[1.000096459334209]"[latinmodern-math.otf]/OT:sc
ript=math;language=dflt;"<6-8.5>s*[1.000096459334209]"[latinmodern-math.otf]/OT
:script=math;language=dflt;+ssty=0;"<-6>s*[1.000096459334209]"[latinmodern-math
.otf]/OT:script=math;language=dflt;+ssty=1;"
(fontspec)             - 'small caps'  (m/sc) with NFSS spec.: 
(fontspec)             and font adjustment code:
(fontspec)             \fontdimen 8\font =6.77pt\relax \fontdimen 9\font
(fontspec)             =3.94pt\relax \fontdimen 10\font =4.44pt\relax
(fontspec)             \fontdimen 11\font =6.86pt\relax \fontdimen 12\font
(fontspec)             =3.45pt\relax \fontdimen 13\font =3.63pt\relax
(fontspec)             \fontdimen 14\font =3.63pt\relax \fontdimen 15\font
(fontspec)             =2.89pt\relax \fontdimen 16\font =2.47pt\relax
(fontspec)             \fontdimen 17\font =2.47pt\relax \fontdimen 18\font
(fontspec)             =2.5pt\relax \fontdimen 19\font =2.0pt\relax \fontdimen
(fontspec)             22\font =2.5pt\relax \fontdimen 20\font =0pt\relax
(fontspec)             \fontdimen 21\font =0pt\relax 
(fontspec)             - 'bold' (b/n) with NFSS spec.:
(fontspec)             <->s*[1.000096459334209]"[latinmodern-math.otf]/OT:scrip
t=math;language=dflt;"
(fontspec)             - 'bold small caps'  (b/sc) with NFSS spec.: 
(fontspec)             and font adjustment code:
(fontspec)             \fontdimen 8\font =6.77pt\relax \fontdimen 9\font
(fontspec)             =3.94pt\relax \fontdimen 10\font =4.44pt\relax
(fontspec)             \fontdimen 11\font =6.86pt\relax \fontdimen 12\font
(fontspec)             =3.45pt\relax \fontdimen 13\font =3.63pt\relax
(fontspec)             \fontdimen 14\font =3.63pt\relax \fontdimen 15\font
(fontspec)             =2.89pt\relax \fontdimen 16\font =2.47pt\relax
(fontspec)             \fontdimen 17\font =2.47pt\relax \fontdimen 18\font
(fontspec)             =2.5pt\relax \fontdimen 19\font =2.0pt\relax \fontdimen
(fontspec)             22\font =2.5pt\relax \fontdimen 20\font =0pt\relax
(fontspec)             \fontdimen 21\font =0pt\relax 

LaTeX Font Info:    Encoding `OMS' has changed to `TU' for symbol font
(Font)              `symbols' in the math version `normal' on input line 103.
LaTeX Font Info:    Overwriting symbol font `symbols' in version `normal'
(Font)                  OMS/lmsy/m/n --> TU/latinmodern-math.otf(2)/m/n on inpu
t line 103.
LaTeX Font Info:    Encoding `OMS' has changed to `TU' for symbol font
(Font)              `symbols' in the math version `bold' on input line 103.
LaTeX Font Info:    Overwriting symbol font `symbols' in version `bold'
(Font)                  OMS/lmsy/b/n --> TU/latinmodern-math.otf(2)/b/n on inpu
t line 103.

Package fontspec Info: latinmodern-math scale = 0.9999964596882403.


Package fontspec Info: latinmodern-math scale = 0.9998964600422715.


Package fontspec Info: latinmodern-math scale = 0.9999964596882403.


Package fontspec Info: latinmodern-math scale = 0.9998964600422715.


Package fontspec Info: latinmodern-math scale = 0.9999964596882403.


Package fontspec Info: latinmodern-math scale = 0.9998964600422715.


Package fontspec Info: latinmodern-math scale = 0.9999964596882403.


Package fontspec Info: latinmodern-math scale = 0.9998964600422715.


Package fontspec Info: latinmodern-math scale = 0.9999964596882403.


Package fontspec Info: latinmodern-math scale = 0.9998964600422715.


Package fontspec Info: Font family 'latinmodern-math.otf(3)' created for font
(fontspec)             'latinmodern-math.otf' with options
(fontspec)             [Scale=MatchLowercase,BoldItalicFont={},ItalicFont={},Sm
allCapsFont={},Script=Math,SizeFeatures={{Size=8.5-},{Size=6-8.5,Font=latinmode
rn-math.otf,Style=MathScript},{Size=-6,Font=latinmodern-math.otf,Style=MathScri
ptScript}},BoldFont={latinmodern-math.otf},ScaleAgain=0.9999,FontAdjustment={\f
ontdimen
(fontspec)             8\font =0.4pt\relax \fontdimen 9\font =2.0pt\relax
(fontspec)             \fontdimen 10\font =1.67pt\relax \fontdimen 11\font
(fontspec)             =1.11pt\relax \fontdimen 12\font =6.0pt\relax
(fontspec)             \fontdimen 13\font =0pt\relax }].
(fontspec)              
(fontspec)              This font family consists of the following NFSS
(fontspec)             series/shapes:
(fontspec)              
(fontspec)             - 'normal' (m/n) with NFSS spec.:
(fontspec)             <8.5->s*[0.9998964600422715]"[latinmodern-math.otf]/OT:s
cript=math;language=dflt;"<6-8.5>s*[0.9998964600422715]"[latinmodern-math.otf]/
OT:script=math;language=dflt;+ssty=0;"<-6>s*[0.9998964600422715]"[latinmodern-m
ath.otf]/OT:script=math;language=dflt;+ssty=1;"
(fontspec)             - 'small caps'  (m/sc) with NFSS spec.: 
(fontspec)             and font adjustment code:
(fontspec)             \fontdimen 8\font =0.4pt\relax \fontdimen 9\font
(fontspec)             =2.0pt\relax \fontdimen 10\font =1.67pt\relax
(fontspec)             \fontdimen 11\font =1.11pt\relax \fontdimen 12\font
(fontspec)             =6.0pt\relax \fontdimen 13\font =0pt\relax 
(fontspec)             - 'bold' (b/n) with NFSS spec.:
(fontspec)             <->s*[0.9998964600422715]"[latinmodern-math.otf]/OT:scri
pt=math;language=dflt;"
(fontspec)             - 'bold small caps'  (b/sc) with NFSS spec.: 
(fontspec)             and font adjustment code:
(fontspec)             \fontdimen 8\font =0.4pt\relax \fontdimen 9\font
(fontspec)             =2.0pt\relax \fontdimen 10\font =1.67pt\relax
(fontspec)             \fontdimen 11\font =1.11pt\relax \fontdimen 12\font
(fontspec)             =6.0pt\relax \fontdimen 13\font =0pt\relax 

LaTeX Font Info:    Encoding `OMX' has changed to `TU' for symbol font
(Font)              `largesymbols' in the math version `normal' on input line 1
03.
LaTeX Font Info:    Overwriting symbol font `largesymbols' in version `normal'
(Font)                  OMX/lmex/m/n --> TU/latinmodern-math.otf(3)/m/n on inpu
t line 103.
LaTeX Font Info:    Encoding `OMX' has changed to `TU' for symbol font
(Font)              `largesymbols' in the math version `bold' on input line 103
.
LaTeX Font Info:    Overwriting symbol font `largesymbols' in version `bold'
(Font)                  OMX/lmex/m/n --> TU/latinmodern-math.otf(3)/b/n on inpu
t line 103.
LaTeX Info: Redefining \microtypecontext on input line 103.
Package microtype Info: Applying patch `item' on input line 103.
Package microtype Info: Applying patch `toc' on input line 103.
Package microtype Info: Applying patch `eqnum' on input line 103.
Package microtype Info: Applying patch `footnote' on input line 103.
Package microtype Info: Character protrusion enabled (level 2).
Package microtype Info: Using protrusion set `basicmath'.
Package microtype Info: No adjustment of tracking.
Package microtype Info: No adjustment of spacing.
Package microtype Info: No adjustment of kerning.
(/usr/share/texlive/texmf-dist/tex/latex/microtype/mt-LatinModernRoman.cfg
File: mt-LatinModernRoman.cfg 2021/02/21 v1.1 microtype config. file: Latin Mod
ern Roman (RS)
)
Package hyperref Info: Link coloring OFF on input line 103.
(/usr/share/texlive/texmf-dist/tex/latex/hyperref/nameref.sty
Package: nameref 2021-04-02 v2.47 Cross-referencing by name of section
(/usr/share/texlive/texmf-dist/tex/latex/refcount/refcount.sty
Package: refcount 2019/12/15 v3.6 Data extraction from label references (HO)
) (/usr/share/texlive/texmf-dist/tex/generic/gettitlestring/gettitlestring.sty
Package: gettitlestring 2019/12/15 v1.6 Cleanup title references (HO)
)
\c@section@level=\count324
)
LaTeX Info: Redefining \ref on input line 103.
LaTeX Info: Redefining \pageref on input line 103.
LaTeX Info: Redefining \nameref on input line 103.
LaTeX Font Info:    Font shape `TU/latinmodern-math.otf(1)/m/n' will be
(Font)              scaled to size 12.0pt on input line 105.
LaTeX Font Info:    Font shape `TU/latinmodern-math.otf(1)/m/n' will be
(Font)              scaled to size 8.0pt on input line 105.
LaTeX Font Info:    Font shape `TU/latinmodern-math.otf(1)/m/n' will be
(Font)              scaled to size 6.0pt on input line 105.
LaTeX Font Info:    Trying to load font information for OML+lmm on input line 1
05.
(/usr/share/texmf/tex/latex/lm/omllmm.fd
File: omllmm.fd 2009/10/30 v1.6 Font defs for Latin Modern
)
LaTeX Font Info:    Font shape `TU/latinmodern-math.otf(2)/m/n' will be
(Font)              scaled to size 12.0011pt on input line 105.
LaTeX Font Info:    Font shape `TU/latinmodern-math.otf(2)/m/n' will be
(Font)              scaled to size 8.00073pt on input line 105.
LaTeX Font Info:    Font shape `TU/latinmodern-math.otf(2)/m/n' will be
(Font)              scaled to size 6.00055pt on input line 105.
LaTeX Font Info:    Font shape `TU/latinmodern-math.otf(3)/m/n' will be
(Font)              scaled to size 11.99872pt on input line 105.
LaTeX Font Info:    Font shape `TU/latinmodern-math.otf(3)/m/n' will be
(Font)              scaled to size 7.99915pt on input line 105.
LaTeX Font Info:    Font shape `TU/latinmodern-math.otf(3)/m/n' will be
(Font)              scaled to size 5.99936pt on input line 105.
LaTeX Font Info:    Trying to load font information for U+msa on input line 105
.
(/usr/share/texlive/texmf-dist/tex/latex/amsfonts/umsa.fd
File: umsa.fd 2013/01/14 v3.01 AMS symbols A
) (/usr/share/texlive/texmf-dist/tex/latex/microtype/mt-msa.cfg
File: mt-msa.cfg 2006/02/04 v1.1 microtype config. file: AMS symbols (a) (RS)
)
LaTeX Font Info:    Trying to load font information for U+msb on input line 105
.
(/usr/share/texlive/texmf-dist/tex/latex/amsfonts/umsb.fd
File: umsb.fd 2013/01/14 v3.01 AMS symbols B
) (/usr/share/texlive/texmf-dist/tex/latex/microtype/mt-msb.cfg
File: mt-msb.cfg 2005/06/01 v1.0 microtype config. file: AMS symbols (b) (RS)
) [1


] [2

] (./thesis.toc)
\tf@toc=\write3
\openout3 = `thesis.toc'.

[3] [4

]
Chapter 1.

Package natbib Warning: Citation `bgv15' on page 5 undefined on input line 155.



Package natbib Warning: Citation `bgv15' on page 5 undefined on input line 156.



Package natbib Warning: Citation `collins1975' on page 5 undefined on input lin
e 158.

[5]
Overfull \hbox (86.93454pt too wide) has occurred while \output is active
\TU/lmr/m/n/10 6 \TU/lmr/m/sl/10 CHAPTER 1.  CYLINDRICAL ALGEBRAIC DECOMPOSITIO
NS WITH MONOTONE CELLS
 []

[6] [7]
Overfull \hbox (86.93454pt too wide) has occurred while \output is active
\TU/lmr/m/n/10 8 \TU/lmr/m/sl/10 CHAPTER 1.  CYLINDRICAL ALGEBRAIC DECOMPOSITIO
NS WITH MONOTONE CELLS
 []

[8]
Chapter 2.

Package natbib Warning: Citation `bgv15' on page 9 undefined on input line 230.


[9

] [10

]
Chapter 3.
LaTeX Font Info:    Font shape `TU/latinmodern-math.otf(1)/m/n' will be
(Font)              scaled to size 7.0pt on input line 239.
LaTeX Font Info:    Font shape `TU/latinmodern-math.otf(1)/m/n' will be
(Font)              scaled to size 5.0pt on input line 239.
LaTeX Font Info:    Font shape `TU/latinmodern-math.otf(2)/m/n' will be
(Font)              scaled to size 10.00092pt on input line 239.
LaTeX Font Info:    Font shape `TU/latinmodern-math.otf(2)/m/n' will be
(Font)              scaled to size 7.00064pt on input line 239.
LaTeX Font Info:    Font shape `TU/latinmodern-math.otf(2)/m/n' will be
(Font)              scaled to size 5.00046pt on input line 239.
LaTeX Font Info:    Font shape `TU/latinmodern-math.otf(3)/m/n' will be
(Font)              scaled to size 9.99893pt on input line 239.
LaTeX Font Info:    Font shape `TU/latinmodern-math.otf(3)/m/n' will be
(Font)              scaled to size 6.99925pt on input line 239.
LaTeX Font Info:    Font shape `TU/latinmodern-math.otf(3)/m/n' will be
(Font)              scaled to size 4.99947pt on input line 239.
Missing character: There is no ⧵ (U+29F5) in font [latinmodern-math.otf]/OT:scr
ipt=math;language=dflt;!

LaTeX Warning: Reference `(' on page 11 undefined on input line 285.

[11]

Package natbib Warning: Citation `vdd1998' on page 12 undefined on input line 3
00.

[12]

Package natbib Warning: Citation `gv04' on page 13 undefined on input line 371.



Package natbib Warning: Citation `gv04' on page 13 undefined on input line 388.



Package natbib Warning: Citation `gv04' on page 13 undefined on input line 398.



Package natbib Warning: Citation `gv04' on page 13 undefined on input line 407.


[13]

Package natbib Warning: Citation `gabrielov1996' on page 14 undefined on input 
line 412.


Package natbib Warning: Citation `gv01' on page 14 undefined on input line 412.



Package natbib Warning: Citation `bgv15' on page 14 undefined on input line 417
.


Package natbib Warning: Citation `bgv15' on page 14 undefined on input line 420
.


Package natbib Warning: Citation `bgv15' on page 14 undefined on input line 430
.


Package natbib Warning: Citation `bgv15' on page 14 undefined on input line 437
.


Package natbib Warning: Citation `bgv15' on page 14 undefined on input line 442
.

Missing character: There is no ⊂ (U+2282) in font [lmroman10-regular]:mapping=t
ex-text;!

Package natbib Warning: Citation `bgv15' on page 14 undefined on input line 447
.

Missing character: There is no ⧵ (U+29F5) in font [latinmodern-math.otf]/OT:scr
ipt=math;language=dflt;!
[14]

Package natbib Warning: Citation `bgv13' on page 15 undefined on input line 469
.


Package natbib Warning: Citation `bgv15' on page 15 undefined on input line 473
.


Package natbib Warning: Citation `bgv13' on page 15 undefined on input line 477
.

Missing character: There is no ⧵ (U+29F5) in font [latinmodern-math.otf]/OT:scr
ipt=math;language=dflt;!

Package natbib Warning: Citation `bgv13' on page 15 undefined on input line 492
.


Package natbib Warning: Citation `bgv15' on page 15 undefined on input line 497
.


Package natbib Warning: Citation `bgv13' on page 15 undefined on input line 499
.

[15] [16]

Package natbib Warning: Citation `collins1975' on page 17 undefined on input li
ne 574.


Package natbib Warning: Citation `bgv15' on page 17 undefined on input line 576
.


Package natbib Warning: Citation `bgv15' on page 17 undefined on input line 576
.

[17]
Missing character: There is no ⧵ (U+29F5) in font [latinmodern-math.otf]/OT:scr
ipt=math;language=dflt;!
Missing character: There is no ⧵ (U+29F5) in font [latinmodern-math.otf]/OT:scr
ipt=math;language=dflt;!
[18]

Package natbib Warning: Citation `bgv15' on page 19 undefined on input line 659
.


Package natbib Warning: Citation `bgv15' on page 19 undefined on input line 663
.


LaTeX Warning: Reference `(' on page 19 undefined on input line 674.


LaTeX Warning: Reference `(' on page 19 undefined on input line 676.

[19]

Package natbib Warning: Citation `bgv15' on page 20 undefined on input line 695
.


Overfull \hbox (7.40196pt too wide) in paragraph at lines 695--697
\TU/lmr/m/it/10 Then $[][] [][] [][][][]$ is a cylindrical $[][][][] [] [] [][]
[] [][][] [] [] [][][]$-
 []


Package natbib Warning: Citation `bgv15' on page 20 undefined on input line 700
.


Package natbib Warning: Citation `bgv15' on page 20 undefined on input line 708
.

[20]

Package natbib Warning: Citation `pianomovers1983' on page 21 undefined on inpu
t line 716.


Package natbib Warning: Citation `collins1975' on page 21 undefined on input li
ne 719.


Package natbib Warning: Citation `coste2000' on page 21 undefined on input line
 719.


Package natbib Warning: Citation `coste2000' on page 21 undefined on input line
 727.

Missing character: There is no 𝜀 (U+1D700) in font [lmroman10-regular]:mapping=
tex-text;!
[21]

Package natbib Warning: Citation `coste2000' on page 22 undefined on input line
 757.

Missing character: There is no ∈ (U+2208) in font [lmroman10-regular]:mapping=t
ex-text;!
[22]

Package natbib Warning: Citation `coste2000' on page 23 undefined on input line
 820.

[23]

Package natbib Warning: Citation `coste2000' on page 24 undefined on input line
 859.


LaTeX Warning: Reference `(' on page 24 undefined on input line 868.


Package natbib Warning: Citation `bpr2006' on page 24 undefined on input line 8
73.


Package natbib Warning: Citation `bpr2006' on page 24 undefined on input line 8
76.

[24]

Package natbib Warning: Citation `davenportHeintz1988' on page 25 undefined on 
input line 885.


LaTeX Warning: Reference `(' on page 25 undefined on input line 890.


LaTeX Warning: Reference `prop:collins' on page 25 undefined on input line 897.


[25]

Package natbib Warning: Citation `collins1991' on page 26 undefined on input li
ne 913.


Package natbib Warning: Citation `bradford2014' on page 26 undefined on input l
ine 913.


Package natbib Warning: Citation `bradford2014' on page 26 undefined on input l
ine 914.


Package natbib Warning: Citation `collins1975' on page 26 undefined on input li
ne 920.


Package natbib Warning: Citation `mccallum1988' on page 26 undefined on input l
ine 922.


Package natbib Warning: Citation `mccallum1998' on page 26 undefined on input l
ine 924.


Package natbib Warning: Citation `mccallum98' on page 26 undefined on input lin
e 927.


Package natbib Warning: Citation `mccallum1998' on page 26 undefined on input l
ine 933.


Package natbib Warning: Citation `mccallum1998' on page 26 undefined on input l
ine 935.


Package natbib Warning: Citation `brown2001' on page 26 undefined on input line
 939.


Package natbib Warning: Citation `brownQepcad' on page 26 undefined on input li
ne 939.


Package natbib Warning: Citation `mccallum1998' on page 26 undefined on input l
ine 941.


Package natbib Warning: Citation `mccallum1988' on page 26 undefined on input l
ine 941.

[26]

Package natbib Warning: Citation `mccallum2019' on page 27 undefined on input l
ine 952.


Package natbib Warning: Citation `bgv15' on page 27 undefined on input line 962
.


LaTeX Warning: Reference `(' on page 27 undefined on input line 973.


Package natbib Warning: Citation `costeRoyThomLemma' on page 27 undefined on in
put line 977.

[27]

Package natbib Warning: Citation `brownQepcad' on page 28 undefined on input li
ne 986.


Package natbib Warning: Citation `chen2014' on page 28 undefined on input line 
991.


Package natbib Warning: Citation `chen2014' on page 28 undefined on input line 
993.


Package natbib Warning: Citation `brownQepcad' on page 28 undefined on input li
ne 993.


Package natbib Warning: Citation `brown99' on page 28 undefined on input line 1
002.

[28]

Package natbib Warning: Citation `brown99' on page 29 undefined on input line 1
004.

[29] [30

]
Chapter 4.

Package natbib Warning: Citation `whitney1965' on page 31 undefined on input li
ne 1016.


Package natbib Warning: Citation `thom1969' on page 31 undefined on input line 
1016.


Package natbib Warning: Citation `le2010' on page 31 undefined on input line 10
16.


Package natbib Warning: Citation `gv1995' on page 31 undefined on input line 10
18.


Package natbib Warning: Citation `gv1995' on page 31 undefined on input line 10
41.

[31] [32] [33]
Overfull \hbox (58.62672pt too wide) detected at line 1162
 [] 
 []

[34]

Package natbib Warning: Citation `gv1995' on page 35 undefined on input line 11
80.


Package natbib Warning: Citation `gv1995' on page 35 undefined on input line 11
86.

Missing character: There is no ⧵ (U+29F5) in font [latinmodern-math.otf]/OT:scr
ipt=math;language=dflt;!

Overfull \hbox (88.71977pt too wide) detected at line 1204
[][] [] 
 []


Overfull \hbox (46.26929pt too wide) detected at line 1224
[][] [] 
 []

Missing character: There is no ⧵ (U+29F5) in font [latinmodern-math.otf]/OT:scr
ipt=math;language=dflt;!

Overfull \hbox (252.12076pt too wide) detected at line 1233
[][] [] 
 []

[35] [36]
Chapter 5.

Package natbib Warning: Citation `bgv15' on page 37 undefined on input line 124
9.


Package natbib Warning: Citation `bgv15' on page 37 undefined on input line 124
9.

LaTeX Font Info:    Font shape `TU/latinmodern-math.otf(1)/m/n' will be
(Font)              scaled to size 14.4pt on input line 1252.
LaTeX Font Info:    Font shape `TU/latinmodern-math.otf(2)/m/n' will be
(Font)              scaled to size 14.4013pt on input line 1252.
LaTeX Font Info:    Font shape `TU/latinmodern-math.otf(3)/m/n' will be
(Font)              scaled to size 14.39845pt on input line 1252.

LaTeX Warning: Reference `(' on page 37 undefined on input line 1254.


Package natbib Warning: Citation `mccallum1988' on page 37 undefined on input l
ine 1261.


Package natbib Warning: Citation `mccallum2019' on page 37 undefined on input l
ine 1262.

[37

]

Package natbib Warning: Citation `bgv15' on page 38 undefined on input line 126
7.

[38]
Chapter 6.

Package natbib Warning: Citation `bgv15' on page 39 undefined on input line 129
1.


Package natbib Warning: Citation `bgv15' on page 39 undefined on input line 129
5.


Underfull \hbox (badness 1082) in paragraph at lines 1312--1314
[]\TU/lmr/m/n/10 If $[][][][][] [] []$, apply the inductive hypothesis to the s
ub-
 []


Package natbib Warning: Citation `bgv15' on page 39 undefined on input line 132
1.

[39

]

Package natbib Warning: Citation `bgv15' on page 40 undefined on input line 132
6.


Package natbib Warning: Citation `bgv15' on page 40 undefined on input line 133
4.

[40]

Package natbib Warning: Citation `bgv13' on page 41 undefined on input line 141
9.

[41]
Overfull \hbox (68.50192pt too wide) detected at line 1468
[][][][][][][] [] [] [][][] [] [] [] [][] [] [][] [][][][][][] [] [] [][][] [] 
[][] [] [] [][][][][][] [] [] [][][] [] [][] [][] [] [][][][][] [] [] [][][][][
]
 []

[42] [43]
Missing character: There is no ⧵ (U+29F5) in font [latinmodern-math.otf]/OT:scr
ipt=math;language=dflt;!
[44] [45] [46]

Package natbib Warning: Citation `bgv15' on page 47 undefined on input line 170
7.

[47]

Package natbib Warning: Citation `bgv13' on page 48 undefined on input line 176
0.

[48] [49]

Package natbib Warning: Citation `bpr2006' on page 50 undefined on input line 1
822.

[50] [51]
Overfull \hbox (89.661pt too wide) detected at line 1871
[] [][] [][][] [] [][][][] [] [] [][][] [] [] [] [] [] [][][][][][] [] [] [][][
][][][][][]
 []


Overfull \hbox (68.74936pt too wide) detected at line 1885
[] [][] [][][] [][] [] [] [] [] [][][] [] [] [][][][][] [] [] [][][][][][][][]
 []


Overfull \hbox (69.96938pt too wide) detected at line 1889
[] [][] [][][] [][] [] [] [] [] [][][] [] [] [][][][][] [] [] [][][][][][][][]
 []

[52] [53] [54]

Package natbib Warning: Citation `bgv15' on page 55 undefined on input line 200
3.

[55] [56

]
Chapter 7.

Package natbib Warning: Citation `bgv15' on page 57 undefined on input line 200
8.


Package natbib Warning: Citation `bgv15' on page 57 undefined on input line 201
1.

Missing character: There is no ⧵ (U+29F5) in font [latinmodern-math.otf]/OT:scr
ipt=math;language=dflt;!

Package natbib Warning: Citation `bgv13' on page 57 undefined on input line 201
3.

Missing character: There is no ⧵ (U+29F5) in font [latinmodern-math.otf]/OT:scr
ipt=math;language=dflt;!

Package natbib Warning: Citation `bgv15' on page 57 undefined on input line 201
6.

[57]
Missing character: There is no ⧵ (U+29F5) in font [latinmodern-math.otf]/OT:scr
ipt=math;language=dflt;!

Package natbib Warning: Citation `bpr2006' on page 58 undefined on input line 2
034.


Package natbib Warning: Citation `lazard10' on page 58 undefined on input line 
2043.


Package natbib Warning: Citation `lazard10' on page 58 undefined on input line 
2045.


Package natbib Warning: Citation `lazard10' on page 58 undefined on input line 
2048.

[58]

Package natbib Warning: Citation `lazard10' on page 59 undefined on input line 
2080.


Package natbib Warning: Citation `lazard10' on page 59 undefined on input line 
2080.


Package natbib Warning: Citation `lazard10' on page 59 undefined on input line 
2080.


Package natbib Warning: Citation `lazard10' on page 59 undefined on input line 
2084.

[59]

Package natbib Warning: Citation `lazard10' on page 60 undefined on input line 
2121.

[60]

Package natbib Warning: Citation `lazard10' on page 61 undefined on input line 
2147.


Package natbib Warning: Citation `cox2013' on page 61 undefined on input line 2
147.


Underfull \hbox (badness 3078) in paragraph at lines 2154--2155
[][]\TU/lmr/bx/n/10 Definition 7.1. []\TU/lmr/m/n/10 Let $[][][][][] [] [] [][]
[]$ be a polynomial ring. A subset
 []


Package natbib Warning: Citation `hilbert1890' on page 61 undefined on input li
ne 2176.

[61]

Package natbib Warning: Citation `cox2013' on page 62 undefined on input line 2
182.


Package natbib Warning: Citation `buchberger1965' on page 62 undefined on input
 line 2184.


Underfull \hbox (badness 2884) in paragraph at lines 2237--2238
[][]\TU/lmr/bx/n/10 Definition 7.5. []\TU/lmr/m/n/10 Fix a monomial ordering $[
]$ on $[][][][][] [] [] [][][]$. Let
 []

[62]

Package natbib Warning: Citation `cox2013' on page 63 undefined on input line 2
245.

[63]

Package natbib Warning: Citation `cox2013' on page 64 undefined on input line 2
293.

[64] [65]
Underfull \hbox (badness 2409) in paragraph at lines 2396--2398
\TU/lmr/m/n/10 The last two terms have $[] [] []$, so we attempt to rewrite
 []


Underfull \hbox (badness 1147) in paragraph at lines 2396--2398
[][] [][][][][][][]$ \TU/lmr/m/n/10 to decrease $[]$, thereby obtaining a contr
adiction.
 []

[66]

Package natbib Warning: Citation `cox2013' on page 67 undefined on input line 2
412.


Package natbib Warning: Citation `cox2013' on page 67 undefined on input line 2
417.

Missing character: There is no 𝛿 (U+1D6FF) in font [lmroman7-regular]:mapping=t
ex-text;!
Missing character: There is no 𝛿 (U+1D6FF) in font [lmroman7-regular]:mapping=t
ex-text;!
Missing character: There is no 𝛾 (U+1D6FE) in font [lmroman7-regular]:mapping=t
ex-text;!
Missing character: There is no ℓ (U+2113) in font [lmroman7-regular]:mapping=te
x-text;!
Missing character: There is no ℓ (U+2113) in font [lmroman7-regular]:mapping=te
x-text;!
Missing character: There is no ℓ (U+2113) in font [lmroman7-regular]:mapping=te
x-text;!
Missing character: There is no ℓ (U+2113) in font [lmroman7-regular]:mapping=te
x-text;!
Missing character: There is no 𝛿 (U+1D6FF) in font [lmroman10-regular]:mapping=
tex-text;!
Missing character: There is no 𝛾 (U+1D6FE) in font [lmroman7-regular]:mapping=t
ex-text;!
Missing character: There is no 𝛿 (U+1D6FF) in font [lmroman7-regular]:mapping=t
ex-text;!
Missing character: There is no ℓ (U+2113) in font [lmroman7-regular]:mapping=te
x-text;!
Missing character: There is no ℓ (U+2113) in font [lmroman7-regular]:mapping=te
x-text;!
Missing character: There is no ℓ (U+2113) in font [lmroman7-regular]:mapping=te
x-text;!
Missing character: There is no ℓ (U+2113) in font [lmroman7-regular]:mapping=te
x-text;!
Missing character: There is no ℓ (U+2113) in font [lmroman7-regular]:mapping=te
x-text;!
Missing character: There is no 𝛿 (U+1D6FF) in font [lmroman10-regular]:mapping=
tex-text;!
[67]

LaTeX Warning: Command \i invalid in math mode on input line 2497.

[68]

Package natbib Warning: Citation `cox2013' on page 69 undefined on input line 2
533.

[69]

Package natbib Warning: Citation `lazard10' on page 70 undefined on input line 
2612.


Package natbib Warning: Citation `cox2013' on page 70 undefined on input line 2
615.

Missing character: There is no ⧵ (U+29F5) in font [latinmodern-math.otf]/OT:scr
ipt=math;language=dflt;!
[70]
Missing character: There is no ⧵ (U+29F5) in font [latinmodern-math.otf]/OT:scr
ipt=math;language=dflt;!
Missing character: There is no ⧵ (U+29F5) in font [latinmodern-math.otf]/OT:scr
ipt=math;language=dflt;!
Missing character: There is no ⧵ (U+29F5) in font [latinmodern-math.otf]/OT:scr
ipt=math;language=dflt;!
Missing character: There is no ⧵ (U+29F5) in font [latinmodern-math.otf]/OT:scr
ipt=math;language=dflt;!
Missing character: There is no ⧵ (U+29F5) in font [latinmodern-math.otf]/OT:scr
ipt=math;language=dflt;!
Missing character: There is no ⧵ (U+29F5) in font [latinmodern-math.otf]/OT:scr
ipt=math;language=dflt;!

Package natbib Warning: Citation `lazard10' on page 71 undefined on input line 
2625.


Package natbib Warning: Citation `lazard10' on page 71 undefined on input line 
2625.


Package natbib Warning: Citation `cox2013' on page 71 undefined on input line 2
633.

Missing character: There is no ⧵ (U+29F5) in font [latinmodern-math.otf]/OT:scr
ipt=math;language=dflt;!

Package natbib Warning: Citation `lazard10' on page 71 undefined on input line 
2648.

[71]

Package natbib Warning: Citation `lazard10' on page 72 undefined on input line 
2706.

[72]

Package natbib Warning: Citation `lazard10' on page 73 undefined on input line 
2709.


Package natbib Warning: Citation `lazard10' on page 73 undefined on input line 
2742.

[73]

Package natbib Warning: Citation `lazard10' on page 74 undefined on input line 
2759.

Missing character: There is no ⧵ (U+29F5) in font [latinmodern-math.otf]/OT:scr
ipt=math;language=dflt;!
[74] [75] [76

]
Chapter 8.
LaTeX Font Info:    Font shape `TU/latinmodern-math.otf(1)/m/n' will be
(Font)              scaled to size 24.88pt on input line 2786.
LaTeX Font Info:    Font shape `TU/latinmodern-math.otf(1)/m/n' will be
(Font)              scaled to size 20.74pt on input line 2786.
LaTeX Font Info:    Font shape `TU/latinmodern-math.otf(1)/m/n' will be
(Font)              scaled to size 17.28pt on input line 2786.
LaTeX Font Info:    Font shape `TU/latinmodern-math.otf(2)/m/n' will be
(Font)              scaled to size 24.88228pt on input line 2786.
LaTeX Font Info:    Font shape `TU/latinmodern-math.otf(2)/m/n' will be
(Font)              scaled to size 20.7419pt on input line 2786.
LaTeX Font Info:    Font shape `TU/latinmodern-math.otf(2)/m/n' will be
(Font)              scaled to size 17.28157pt on input line 2786.
LaTeX Font Info:    Font shape `TU/latinmodern-math.otf(3)/m/n' will be
(Font)              scaled to size 24.87733pt on input line 2786.
LaTeX Font Info:    Font shape `TU/latinmodern-math.otf(3)/m/n' will be
(Font)              scaled to size 20.73778pt on input line 2786.
LaTeX Font Info:    Font shape `TU/latinmodern-math.otf(3)/m/n' will be
(Font)              scaled to size 17.27815pt on input line 2786.

Package natbib Warning: Citation `blum1998' on page 77 undefined on input line 
2799.


Package natbib Warning: Citation `collins1975' on page 77 undefined on input li
ne 2801.


Package natbib Warning: Citation `bpr2006' on page 77 undefined on input line 2
812.

[77]

Package natbib Warning: Citation `bpr2006' on page 78 undefined on input line 2
815.


LaTeX Warning: Reference `prop:collins' on page 78 undefined on input line 2834
.


Package natbib Warning: Citation `collins1991' on page 78 undefined on input li
ne 2837.


Package natbib Warning: Citation `bradford2014' on page 78 undefined on input l
ine 2837.


LaTeX Warning: Reference `prop:collins-sets' on page 78 undefined on input line
 2846.

Missing character: There is no ⧵ (U+29F5) in font [latinmodern-math.otf]/OT:scr
ipt=math;language=dflt;!

Overfull \hbox (318.14066pt too wide) has occurred while \output is active
\TU/lmr/m/n/10 78 \TU/lmr/m/sl/10 CHAPTER 8.  A NOVEL ALGORITHM FOR THE OBTAINI
NG THE FRONTIER CONDITION ON A CYLINDRICAL DECOMPOSITION OF $[][]$
 []

[78]
Missing character: There is no ⧵ (U+29F5) in font [latinmodern-math.otf]/OT:scr
ipt=math;language=dflt;!

Package natbib Warning: Citation `bpr2006' on page 79 undefined on input line 2
867.

[79]
Missing character: There is no ⧵ (U+29F5) in font [latinmodern-math.otf]/OT:scr
ipt=math;language=dflt;!
Missing character: There is no ⧵ (U+29F5) in font [latinmodern-math.otf]/OT:scr
ipt=math;language=dflt;!
Missing character: There is no ⧵ (U+29F5) in font [latinmodern-math.otf]/OT:scr
ipt=math;language=dflt;!
Missing character: There is no ⧵ (U+29F5) in font [latinmodern-math.otf]/OT:scr
ipt=math;language=dflt;!
Missing character: There is no ⧵ (U+29F5) in font [latinmodern-math.otf]/OT:scr
ipt=math;language=dflt;!
Missing character: There is no ⧵ (U+29F5) in font [latinmodern-math.otf]/OT:scr
ipt=math;language=dflt;!
Missing character: There is no ⧵ (U+29F5) in font [latinmodern-math.otf]/OT:scr
ipt=math;language=dflt;!
Missing character: There is no ⧵ (U+29F5) in font [latinmodern-math.otf]/OT:scr
ipt=math;language=dflt;!
Missing character: There is no ⧵ (U+29F5) in font [latinmodern-math.otf]/OT:scr
ipt=math;language=dflt;!
Missing character: There is no ⧵ (U+29F5) in font [latinmodern-math.otf]/OT:scr
ipt=math;language=dflt;!
Missing character: There is no ⧵ (U+29F5) in font [latinmodern-math.otf]/OT:scr
ipt=math;language=dflt;!
Missing character: There is no ⧵ (U+29F5) in font [latinmodern-math.otf]/OT:scr
ipt=math;language=dflt;!
Missing character: There is no ⧵ (U+29F5) in font [latinmodern-math.otf]/OT:scr
ipt=math;language=dflt;!
Missing character: There is no ⧵ (U+29F5) in font [latinmodern-math.otf]/OT:scr
ipt=math;language=dflt;!
Missing character: There is no ⧵ (U+29F5) in font [latinmodern-math.otf]/OT:scr
ipt=math;language=dflt;!
Missing character: There is no ⧵ (U+29F5) in font [latinmodern-math.otf]/OT:scr
ipt=math;language=dflt;!
Missing character: There is no ⧵ (U+29F5) in font [latinmodern-math.otf]/OT:scr
ipt=math;language=dflt;!
Missing character: There is no ⧵ (U+29F5) in font [latinmodern-math.otf]/OT:scr
ipt=math;language=dflt;!

Overfull \hbox (318.14066pt too wide) has occurred while \output is active
\TU/lmr/m/n/10 80 \TU/lmr/m/sl/10 CHAPTER 8.  A NOVEL ALGORITHM FOR THE OBTAINI
NG THE FRONTIER CONDITION ON A CYLINDRICAL DECOMPOSITION OF $[][]$
 []

[80]

LaTeX Warning: Reference `sec:worked-example' on page 81 undefined on input lin
e 2970.


Underfull \hbox (badness 4819) in paragraph at lines 2985--2988
[]\TU/lmr/m/n/10 The sequence of pairs is computed recursively, starting with i
ndex
 []

[81]

LaTeX Warning: Reference `step:one-zero' on page 82 undefined on input line 300
1.

Missing character: There is no ⧵ (U+29F5) in font [latinmodern-math.otf]/OT:scr
ipt=math;language=dflt;!

LaTeX Warning: Reference `step:one-one' on page 82 undefined on input line 3013
.


LaTeX Warning: Reference `eq:front' on page 82 undefined on input line 3025.


LaTeX Warning: Reference `eq:sequence' on page 82 undefined on input line 3025.


! Missing $ inserted.
<inserted text> 
                $
l.3028 
        
Here is how much of TeX's memory you used:
 19010 strings out of 478158
 351517 string characters out of 5853403
 855652 words of memory out of 5000000
 39312 multiletter control sequences out of 15000+600000
 479706 words of font info for 124 fonts, out of 8000000 for 9000
 14 hyphenation exceptions out of 8191
 86i,12n,121p,2052b,656s stack positions out of 5000i,500n,10000p,200000b,80000s

Output written on thesis.pdf (81 pages).
