=== USING SINGULAR AS A CA SERVER. ====================
=======================================================
                Quantifier Elimination                 
                          in                           
            Elementary Algebra and Geometry            
                          by                           
      Partial Cylindrical Algebraic Decomposition      
                                                       
               Version B 1.69, 16 Mar 2012
                                                       
                          by                           
                       Hoon Hong                       
                  (hhong@math.ncsu.edu)                
                                                       
With contributions by: Christopher W. Brown, George E. 
Collins, Mark J. Encarnacion, Jeremy R. Johnson        
Werner Krandick, Richard Liska, Scott McCallum,        
Nicolas Robidoux, and Stanly Steinberg                 
=======================================================
Enter an informal description  between '[' and ']':
[]Enter a variable list:
(w,x,y,z)Enter the number of free variables:
4
Enter a prenex formula:
[ w = 1 /\ x > 0 /\ x < 1 /\ y > 0 /\ x + y < 1 /\ z = x^2 + y^2 ].

=======================================================

Before Normalization >
mct y
Before Normalization >
g

Before Projection (quasi-affine) (z) >
g
[ w - 1 = 0 /\ x > 0 /\ x - 1 < 0 /\ y > 0 /\ y + x - 1 < 0 /\ z - y^2 - x^2 = 0 ]
() ((1,(0,(0,-2))),(0,(1,(0,-2))))
((1,(0,(0,-2)))) ((1,(0,-2)))
((1,(0,-2))) ()

Before Choice >
g

Before Refinement For Monotone Cells >
g
Refine cell (2,3)

Before Solution >
d-input
A_1,1  = input
       = w - 1


A_2,1  = input
       = x

A_2,2  = fac(J_2,1) = fac(res(A_3,1|A_3,2))
       = x - 1


A_3,1  = input
       = y

A_3,2  = input
       = y + x - 1


A_4,1  = input
       = z - y^2 - x^2



Before Solution >
d-proj-pol

J_2,1  = res(A_3,1|A_3,2)
       = x - 1

Q_2,2  = input
       = -2 x

K_2,3  = input
       = 2 x - 1

K_2,4  = input
       = x


Q_3,1  = input
       = -2 y



Before Solution >
d-proj-fac
A_1,1  = input
       = w - 1


A_2,1  = input
       = x

A_2,2  = fac(J_2,1) = fac(res(A_3,1|A_3,2))
       = x - 1

M_2,3  = fac(K_2,3) = fac(input)
       = 2 x - 1


A_3,1  = input
       = y

A_3,2  = input
       = y + x - 1


A_4,1  = input
       = z - y^2 - x^2



Before Solution >
d-ref

M_2,1  = input  *** Refinement of cell (2,3) ***  
       = The sample point is in a PRIMITIVE representation.

alpha = the unique root of x between 0 and 0
      = 0.0000

Coordinate 1 = 1
             = 1.0000
Coordinate 2 = 1/2
             = 0.5000





Before Solution >
d-true-cells
---------- Information about the cell (2,5,3,2) ----------

Level                       : 4
Dimension                   : 2
Number of children          : 0
Truth value                 : T    by trial evaluation.
Degrees after substitution  : Not known yet or No polynomial.
Multiplicities              : ((1,1))
Signs of Projection Factors
Level 1  : (0)
Level 2  : (+,-)
Level 3  : (+,-)
Level 4  : (0)
----------   Sample point  ---------- 
The sample point is in a PRIMITIVE representation.

alpha = the unique root of x between 0 and 0
      = 0.0000000000

Coordinate 1 = 1
             = 1.0000000000
Coordinate 2 = 3/4
             = 0.7500000000
Coordinate 3 = 1/8
             = 0.1250000000
Coordinate 4 = 37/64
             = 0.5781250000


----------------------------------------------------
---------- Information about the cell (2,4,3,2) ----------

Level                       : 4
Dimension                   : 1
Number of children          : 0
Truth value                 : T    by trial evaluation.
Degrees after substitution  : Not known yet or No polynomial.
Multiplicities              : ((1,1))
Signs of Projection Factors
Level 1  : (0)
Level 2  : (+,-)
Level 3  : (+,-)
Level 4  : (0)
----------   Sample point  ---------- 
The sample point is in a PRIMITIVE representation.

alpha = the unique root of x between 0 and 0
      = 0.0000000000

Coordinate 1 = 1
             = 1.0000000000
Coordinate 2 = 1/2
             = 0.5000000000
Coordinate 3 = 1/4
             = 0.2500000000
Coordinate 4 = 5/16
             = 0.3125000000


----------------------------------------------------
---------- Information about the cell (2,3,3,2) ----------

Level                       : 4
Dimension                   : 2
Number of children          : 0
Truth value                 : T    by trial evaluation.
Degrees after substitution  : Not known yet or No polynomial.
Multiplicities              : ((1,1))
Signs of Projection Factors
Level 1  : (0)
Level 2  : (+,-)
Level 3  : (+,-)
Level 4  : (0)
----------   Sample point  ---------- 
The sample point is in a PRIMITIVE representation.

alpha = the unique root of x between 0 and 0
      = 0.0000000000

Coordinate 1 = 1
             = 1.0000000000
Coordinate 2 = 1/4
             = 0.2500000000
Coordinate 3 = 1/4
             = 0.2500000000
Coordinate 4 = 1/8
             = 0.1250000000


----------------------------------------------------

Before Solution >
finish

An equivalent quantifier-free formula:

w - 1 = 0 /\ x > 0 /\ y > 0 /\ y + x - 1 < 0 /\ z - y^2 - x^2 = 0


=====================  The End  =======================

-----------------------------------------------------------------------------
0 Garbage collections, 0 Cells and 0 Arrays reclaimed, in 0 milliseconds.
425716 Cells in AVAIL, 500000 Cells in SPACE.

System time: 5 milliseconds.
System time after the initialization: 4 milliseconds.
-----------------------------------------------------------------------------
