=== USING SINGULAR AS A CA SERVER. ====================
=======================================================
                Quantifier Elimination                 
                          in                           
            Elementary Algebra and Geometry            
                          by                           
      Partial Cylindrical Algebraic Decomposition      
                                                       
               Version B 1.69, 16 Mar 2012
                                                       
                          by                           
                       Hoon Hong                       
                  (hhong@math.ncsu.edu)                
                                                       
With contributions by: Christopher W. Brown, George E. 
Collins, Mark J. Encarnacion, Jeremy R. Johnson        
Werner Krandick, Richard Liska, Scott McCallum,        
Nicolas Robidoux, and Stanly Steinberg                 
=======================================================
Enter an informal description  between '[' and ']':
[]Enter a variable list:
(x,y,z)Enter the number of free variables:
3
Enter a prenex formula:
[ x > 0 /\ x < 1 /\ y > 0 /\ x + y < 1 /\ z = x^2 + y^2 ].

=======================================================

Before Normalization >
mct y
Before Normalization >
g

Before Projection (quasi-affine) (z) >
g
[ x > 0 /\ x - 1 < 0 /\ y > 0 /\ y + x - 1 < 0 /\ z - y^2 - x^2 = 0 ]
() ((1,(0,-2)),(0,(1,-2)))
((1,(0,-2))) ((1,-2))

Before Choice >
g

Before Refinement For Monotone Cells >
g
Refine cell (3)

Before Solution >
d-input
A_1,1  = input
       = x

A_1,2  = fac(J_1,1) = fac(res(A_2,1|A_2,2))
       = x - 1


A_2,1  = input
       = y

A_2,2  = input
       = y + x - 1


A_3,1  = input
       = z - y^2 - x^2



Before Solution >
d-proj-pol
J_1,1  = res(A_2,1|A_2,2)
       = x - 1

Q_1,2  = input
       = -2 x

K_1,3  = input
       = 2 x - 1

K_1,4  = input
       = x


Q_2,1  = input
       = -2 y



Before Solution >
d-proj-fac
A_1,1  = input
       = x

A_1,2  = fac(J_1,1) = fac(res(A_2,1|A_2,2))
       = x - 1

M_1,3  = fac(K_1,3) = fac(input)
       = 2 x - 1


A_2,1  = input
       = y

A_2,2  = input
       = y + x - 1


A_3,1  = input
       = z - y^2 - x^2



Before Solution >
d-ref
M_1,1  = input  *** Refinement of cell (3) ***  
       = The sample point is in a PRIMITIVE representation.

alpha = the unique root of x between 0 and 0
      = 0.0000

Coordinate 1 = 1/2
             = 0.5000





Before Solution >
d-true-cells
---------- Information about the cell (5,3,2) ----------

Level                       : 3
Dimension                   : 2
Number of children          : 0
Truth value                 : T    by trial evaluation.
Degrees after substitution  : Not known yet or No polynomial.
Multiplicities              : ((1,1))
Signs of Projection Factors
Level 1  : (+,-)
Level 2  : (+,-)
Level 3  : (0)
----------   Sample point  ---------- 
The sample point is in a PRIMITIVE representation.

alpha = the unique root of x between 0 and 0
      = 0.0000000000

Coordinate 1 = 3/4
             = 0.7500000000
Coordinate 2 = 1/8
             = 0.1250000000
Coordinate 3 = 37/64
             = 0.5781250000


----------------------------------------------------
---------- Information about the cell (4,3,2) ----------

Level                       : 3
Dimension                   : 1
Number of children          : 0
Truth value                 : T    by trial evaluation.
Degrees after substitution  : Not known yet or No polynomial.
Multiplicities              : ((1,1))
Signs of Projection Factors
Level 1  : (+,-)
Level 2  : (+,-)
Level 3  : (0)
----------   Sample point  ---------- 
The sample point is in a PRIMITIVE representation.

alpha = the unique root of x between 0 and 0
      = 0.0000000000

Coordinate 1 = 1/2
             = 0.5000000000
Coordinate 2 = 1/8
             = 0.1250000000
Coordinate 3 = 17/64
             = 0.2656250000


----------------------------------------------------
---------- Information about the cell (3,3,2) ----------

Level                       : 3
Dimension                   : 2
Number of children          : 0
Truth value                 : T    by trial evaluation.
Degrees after substitution  : Not known yet or No polynomial.
Multiplicities              : ((1,1))
Signs of Projection Factors
Level 1  : (+,-)
Level 2  : (+,-)
Level 3  : (0)
----------   Sample point  ---------- 
The sample point is in a PRIMITIVE representation.

alpha = the unique root of x between 0 and 0
      = 0.0000000000

Coordinate 1 = 1/4
             = 0.2500000000
Coordinate 2 = 1/2
             = 0.5000000000
Coordinate 3 = 5/16
             = 0.3125000000


----------------------------------------------------

Before Solution >
finish

An equivalent quantifier-free formula:

x > 0 /\ y > 0 /\ y + x - 1 < 0 /\ z - y^2 - x^2 = 0


=====================  The End  =======================

-----------------------------------------------------------------------------
0 Garbage collections, 0 Cells and 0 Arrays reclaimed, in 0 milliseconds.
464211 Cells in AVAIL, 500000 Cells in SPACE.

System time: 7 milliseconds.
System time after the initialization: 2 milliseconds.
-----------------------------------------------------------------------------
